<?xml version="1.0" encoding="UTF-8" ?>
<testsuite tests="1" failures="1" name="TestSuite" time="0.52" errors="0" skipped="0">
  <properties>
    <property name="java.runtime.name" value="Java(TM) SE Runtime Environment"/>
    <property name="sun.boot.library.path" value="C:\Program Files\Java\jdk1.8.0_151\jre\bin"/>
    <property name="java.vm.version" value="25.151-b12"/>
    <property name="java.vm.vendor" value="Oracle Corporation"/>
    <property name="java.vendor.url" value="http://java.oracle.com/"/>
    <property name="path.separator" value=";"/>
    <property name="java.vm.name" value="Java HotSpot(TM) 64-Bit Server VM"/>
    <property name="file.encoding.pkg" value="sun.io"/>
    <property name="user.script" value=""/>
    <property name="user.country" value="CN"/>
    <property name="sun.java.launcher" value="SUN_STANDARD"/>
    <property name="sun.os.patch.level" value=""/>
    <property name="java.vm.specification.name" value="Java Virtual Machine Specification"/>
    <property name="user.dir" value="F:\ceshi\linux\linuxs\lianxi0427"/>
    <property name="java.runtime.version" value="1.8.0_151-b12"/>
    <property name="java.awt.graphicsenv" value="sun.awt.Win32GraphicsEnvironment"/>
    <property name="basedir" value="F:\ceshi\linux\linuxs\lianxi0427"/>
    <property name="java.endorsed.dirs" value="C:\Program Files\Java\jdk1.8.0_151\jre\lib\endorsed"/>
    <property name="os.arch" value="amd64"/>
    <property name="surefire.real.class.path" value="C:\Users\new\AppData\Local\Temp\surefirebooter1342522470598521415.jar"/>
    <property name="java.io.tmpdir" value="C:\Users\new\AppData\Local\Temp\"/>
    <property name="line.separator" value="
"/>
    <property name="java.vm.specification.vendor" value="Oracle Corporation"/>
    <property name="user.variant" value=""/>
    <property name="os.name" value="Windows 10"/>
    <property name="sun.jnu.encoding" value="GBK"/>
    <property name="java.library.path" value="C:\Program Files\Java\jdk1.8.0_151\jre\bin;C:\WINDOWS\Sun\Java\bin;C:\WINDOWS\system32;C:\WINDOWS;F:\ceshi\linux\mavens\maven-3.0.5\bin;C:\Program Files (x86)\Common Files\NetSarang;C:\Program Files\Java\jdk1.8.0_151\bin;C:\Program Files\Java\jdk1.8.0_151\jre\bin;C:\Program Files (x86)\HP\NV\lib\shunra\vcat;C:\ProgramData\Oracle\Java\javapath;C:\WINDOWS\system32;C:\WINDOWS;C:\WINDOWS\System32\Wbem;C:\WINDOWS\System32\WindowsPowerShell\v1.0\;C:\Program Files\MySQL\MySQL Utilities 1.6\;C:\Program Files (x86)\HP\NV\lib\thirdparty\safenet\LDK\7.0;C:\Program Files (x86)\HP\NV\lib\shunra\snv;C:\Program Files (x86)\HP\LoadRunner\strawberry-perl\perl\bin;C:\Users\new\AppData\Local\Microsoft\WindowsApps;F:\英雄联盟\Web\测试\Fiddler;;."/>
    <property name="surefire.test.class.path" value="F:\ceshi\linux\linuxs\lianxi0427\target\test-classes;F:\ceshi\linux\linuxs\lianxi0427\target\classes;F:\ceshi\linux\mavens\changkuyilai\userlib\org\testng\testng\6.9.10\testng-6.9.10.jar;F:\ceshi\linux\mavens\changkuyilai\userlib\com\beust\jcommander\1.48\jcommander-1.48.jar;F:\ceshi\linux\mavens\changkuyilai\userlib\org\beanshell\bsh\2.0b4\bsh-2.0b4.jar;F:\ceshi\linux\mavens\changkuyilai\userlib\org\seleniumhq\selenium\selenium-java\2.48.2\selenium-java-2.48.2.jar;F:\ceshi\linux\mavens\changkuyilai\userlib\org\seleniumhq\selenium\selenium-chrome-driver\2.48.2\selenium-chrome-driver-2.48.2.jar;F:\ceshi\linux\mavens\changkuyilai\userlib\org\seleniumhq\selenium\selenium-edge-driver\2.48.2\selenium-edge-driver-2.48.2.jar;F:\ceshi\linux\mavens\changkuyilai\userlib\commons-io\commons-io\2.4\commons-io-2.4.jar;F:\ceshi\linux\mavens\changkuyilai\userlib\org\seleniumhq\selenium\selenium-htmlunit-driver\2.48.2\selenium-htmlunit-driver-2.48.2.jar;F:\ceshi\linux\mavens\changkuyilai\userlib\net\sourceforge\htmlunit\htmlunit\2.18\htmlunit-2.18.jar;F:\ceshi\linux\mavens\changkuyilai\userlib\xalan\xalan\2.7.2\xalan-2.7.2.jar;F:\ceshi\linux\mavens\changkuyilai\userlib\xalan\serializer\2.7.2\serializer-2.7.2.jar;F:\ceshi\linux\mavens\changkuyilai\userlib\commons-collections\commons-collections\3.2.1\commons-collections-3.2.1.jar;F:\ceshi\linux\mavens\changkuyilai\userlib\org\apache\commons\commons-lang3\3.4\commons-lang3-3.4.jar;F:\ceshi\linux\mavens\changkuyilai\userlib\org\apache\httpcomponents\httpmime\4.5\httpmime-4.5.jar;F:\ceshi\linux\mavens\changkuyilai\userlib\net\sourceforge\htmlunit\htmlunit-core-js\2.17\htmlunit-core-js-2.17.jar;F:\ceshi\linux\mavens\changkuyilai\userlib\xerces\xercesImpl\2.11.0\xercesImpl-2.11.0.jar;F:\ceshi\linux\mavens\changkuyilai\userlib\xml-apis\xml-apis\1.4.01\xml-apis-1.4.01.jar;F:\ceshi\linux\mavens\changkuyilai\userlib\net\sourceforge\nekohtml\nekohtml\1.9.22\nekohtml-1.9.22.jar;F:\ceshi\linux\mavens\changkuyilai\userlib\net\sourceforge\cssparser\cssparser\0.9.16\cssparser-0.9.16.jar;F:\ceshi\linux\mavens\changkuyilai\userlib\org\w3c\css\sac\1.3\sac-1.3.jar;F:\ceshi\linux\mavens\changkuyilai\userlib\org\eclipse\jetty\websocket\websocket-client\9.2.12.v20150709\websocket-client-9.2.12.v20150709.jar;F:\ceshi\linux\mavens\changkuyilai\userlib\org\eclipse\jetty\jetty-util\9.2.12.v20150709\jetty-util-9.2.12.v20150709.jar;F:\ceshi\linux\mavens\changkuyilai\userlib\org\eclipse\jetty\jetty-io\9.2.12.v20150709\jetty-io-9.2.12.v20150709.jar;F:\ceshi\linux\mavens\changkuyilai\userlib\org\eclipse\jetty\websocket\websocket-common\9.2.12.v20150709\websocket-common-9.2.12.v20150709.jar;F:\ceshi\linux\mavens\changkuyilai\userlib\org\eclipse\jetty\websocket\websocket-api\9.2.12.v20150709\websocket-api-9.2.12.v20150709.jar;F:\ceshi\linux\mavens\changkuyilai\userlib\org\seleniumhq\selenium\selenium-ie-driver\2.48.2\selenium-ie-driver-2.48.2.jar;F:\ceshi\linux\mavens\changkuyilai\userlib\org\seleniumhq\selenium\selenium-safari-driver\2.48.2\selenium-safari-driver-2.48.2.jar;F:\ceshi\linux\mavens\changkuyilai\userlib\org\seleniumhq\selenium\selenium-support\2.48.2\selenium-support-2.48.2.jar;F:\ceshi\linux\mavens\changkuyilai\userlib\org\webbitserver\webbit\0.4.14\webbit-0.4.14.jar;F:\ceshi\linux\mavens\changkuyilai\userlib\io\netty\netty\3.5.2.Final\netty-3.5.2.Final.jar;F:\ceshi\linux\mavens\changkuyilai\userlib\org\seleniumhq\selenium\selenium-leg-rc\2.48.2\selenium-leg-rc-2.48.2.jar;F:\ceshi\linux\mavens\changkuyilai\userlib\org\seleniumhq\selenium\selenium-firefox-driver\3.5.1\selenium-firefox-driver-3.5.1.jar;F:\ceshi\linux\mavens\changkuyilai\userlib\org\seleniumhq\selenium\selenium-api\3.5.1\selenium-api-3.5.1.jar;F:\ceshi\linux\mavens\changkuyilai\userlib\org\seleniumhq\selenium\selenium-remote-driver\3.5.1\selenium-remote-driver-3.5.1.jar;F:\ceshi\linux\mavens\changkuyilai\userlib\cglib\cglib-nodep\3.2.4\cglib-nodep-3.2.4.jar;F:\ceshi\linux\mavens\changkuyilai\userlib\org\apache\commons\commons-exec\1.3\commons-exec-1.3.jar;F:\ceshi\linux\mavens\changkuyilai\userlib\commons-codec\commons-codec\1.10\commons-codec-1.10.jar;F:\ceshi\linux\mavens\changkuyilai\userlib\commons-logging\commons-logging\1.2\commons-logging-1.2.jar;F:\ceshi\linux\mavens\changkuyilai\userlib\com\google\code\gson\gson\2.8.0\gson-2.8.0.jar;F:\ceshi\linux\mavens\changkuyilai\userlib\com\google\guava\guava\23.0\guava-23.0.jar;F:\ceshi\linux\mavens\changkuyilai\userlib\com\google\code\findbugs\jsr305\1.3.9\jsr305-1.3.9.jar;F:\ceshi\linux\mavens\changkuyilai\userlib\com\google\errorprone\error_prone_annotations\2.0.18\error_prone_annotations-2.0.18.jar;F:\ceshi\linux\mavens\changkuyilai\userlib\com\google\j2objc\j2objc-annotations\1.1\j2objc-annotations-1.1.jar;F:\ceshi\linux\mavens\changkuyilai\userlib\org\codehaus\mojo\animal-sniffer-annotations\1.14\animal-sniffer-annotations-1.14.jar;F:\ceshi\linux\mavens\changkuyilai\userlib\org\apache\httpcomponents\httpclient\4.5.3\httpclient-4.5.3.jar;F:\ceshi\linux\mavens\changkuyilai\userlib\org\apache\httpcomponents\httpcore\4.4.6\httpcore-4.4.6.jar;F:\ceshi\linux\mavens\changkuyilai\userlib\net\java\dev\jna\jna\4.1.0\jna-4.1.0.jar;F:\ceshi\linux\mavens\changkuyilai\userlib\net\java\dev\jna\jna-platform\4.1.0\jna-platform-4.1.0.jar;F:\ceshi\linux\mavens\changkuyilai\userlib\log4j\log4j\1.2.16\log4j-1.2.16.jar;"/>
    <property name="java.specification.name" value="Java Platform API Specification"/>
    <property name="java.class.version" value="52.0"/>
    <property name="sun.management.compiler" value="HotSpot 64-Bit Tiered Compilers"/>
    <property name="os.version" value="10.0"/>
    <property name="user.home" value="C:\Users\new"/>
    <property name="user.timezone" value="Asia/Singapore"/>
    <property name="java.awt.printerjob" value="sun.awt.windows.WPrinterJob"/>
    <property name="java.specification.version" value="1.8"/>
    <property name="file.encoding" value="GBK"/>
    <property name="webdriver.gecko.driver" value="F:\ceshi\linux\mavens\huohuqudong\geckodriver.exe"/>
    <property name="user.name" value="new"/>
    <property name="java.class.path" value="F:\ceshi\linux\linuxs\lianxi0427\target\test-classes;F:\ceshi\linux\linuxs\lianxi0427\target\classes;F:\ceshi\linux\mavens\changkuyilai\userlib\org\testng\testng\6.9.10\testng-6.9.10.jar;F:\ceshi\linux\mavens\changkuyilai\userlib\com\beust\jcommander\1.48\jcommander-1.48.jar;F:\ceshi\linux\mavens\changkuyilai\userlib\org\beanshell\bsh\2.0b4\bsh-2.0b4.jar;F:\ceshi\linux\mavens\changkuyilai\userlib\org\seleniumhq\selenium\selenium-java\2.48.2\selenium-java-2.48.2.jar;F:\ceshi\linux\mavens\changkuyilai\userlib\org\seleniumhq\selenium\selenium-chrome-driver\2.48.2\selenium-chrome-driver-2.48.2.jar;F:\ceshi\linux\mavens\changkuyilai\userlib\org\seleniumhq\selenium\selenium-edge-driver\2.48.2\selenium-edge-driver-2.48.2.jar;F:\ceshi\linux\mavens\changkuyilai\userlib\commons-io\commons-io\2.4\commons-io-2.4.jar;F:\ceshi\linux\mavens\changkuyilai\userlib\org\seleniumhq\selenium\selenium-htmlunit-driver\2.48.2\selenium-htmlunit-driver-2.48.2.jar;F:\ceshi\linux\mavens\changkuyilai\userlib\net\sourceforge\htmlunit\htmlunit\2.18\htmlunit-2.18.jar;F:\ceshi\linux\mavens\changkuyilai\userlib\xalan\xalan\2.7.2\xalan-2.7.2.jar;F:\ceshi\linux\mavens\changkuyilai\userlib\xalan\serializer\2.7.2\serializer-2.7.2.jar;F:\ceshi\linux\mavens\changkuyilai\userlib\commons-collections\commons-collections\3.2.1\commons-collections-3.2.1.jar;F:\ceshi\linux\mavens\changkuyilai\userlib\org\apache\commons\commons-lang3\3.4\commons-lang3-3.4.jar;F:\ceshi\linux\mavens\changkuyilai\userlib\org\apache\httpcomponents\httpmime\4.5\httpmime-4.5.jar;F:\ceshi\linux\mavens\changkuyilai\userlib\net\sourceforge\htmlunit\htmlunit-core-js\2.17\htmlunit-core-js-2.17.jar;F:\ceshi\linux\mavens\changkuyilai\userlib\xerces\xercesImpl\2.11.0\xercesImpl-2.11.0.jar;F:\ceshi\linux\mavens\changkuyilai\userlib\xml-apis\xml-apis\1.4.01\xml-apis-1.4.01.jar;F:\ceshi\linux\mavens\changkuyilai\userlib\net\sourceforge\nekohtml\nekohtml\1.9.22\nekohtml-1.9.22.jar;F:\ceshi\linux\mavens\changkuyilai\userlib\net\sourceforge\cssparser\cssparser\0.9.16\cssparser-0.9.16.jar;F:\ceshi\linux\mavens\changkuyilai\userlib\org\w3c\css\sac\1.3\sac-1.3.jar;F:\ceshi\linux\mavens\changkuyilai\userlib\org\eclipse\jetty\websocket\websocket-client\9.2.12.v20150709\websocket-client-9.2.12.v20150709.jar;F:\ceshi\linux\mavens\changkuyilai\userlib\org\eclipse\jetty\jetty-util\9.2.12.v20150709\jetty-util-9.2.12.v20150709.jar;F:\ceshi\linux\mavens\changkuyilai\userlib\org\eclipse\jetty\jetty-io\9.2.12.v20150709\jetty-io-9.2.12.v20150709.jar;F:\ceshi\linux\mavens\changkuyilai\userlib\org\eclipse\jetty\websocket\websocket-common\9.2.12.v20150709\websocket-common-9.2.12.v20150709.jar;F:\ceshi\linux\mavens\changkuyilai\userlib\org\eclipse\jetty\websocket\websocket-api\9.2.12.v20150709\websocket-api-9.2.12.v20150709.jar;F:\ceshi\linux\mavens\changkuyilai\userlib\org\seleniumhq\selenium\selenium-ie-driver\2.48.2\selenium-ie-driver-2.48.2.jar;F:\ceshi\linux\mavens\changkuyilai\userlib\org\seleniumhq\selenium\selenium-safari-driver\2.48.2\selenium-safari-driver-2.48.2.jar;F:\ceshi\linux\mavens\changkuyilai\userlib\org\seleniumhq\selenium\selenium-support\2.48.2\selenium-support-2.48.2.jar;F:\ceshi\linux\mavens\changkuyilai\userlib\org\webbitserver\webbit\0.4.14\webbit-0.4.14.jar;F:\ceshi\linux\mavens\changkuyilai\userlib\io\netty\netty\3.5.2.Final\netty-3.5.2.Final.jar;F:\ceshi\linux\mavens\changkuyilai\userlib\org\seleniumhq\selenium\selenium-leg-rc\2.48.2\selenium-leg-rc-2.48.2.jar;F:\ceshi\linux\mavens\changkuyilai\userlib\org\seleniumhq\selenium\selenium-firefox-driver\3.5.1\selenium-firefox-driver-3.5.1.jar;F:\ceshi\linux\mavens\changkuyilai\userlib\org\seleniumhq\selenium\selenium-api\3.5.1\selenium-api-3.5.1.jar;F:\ceshi\linux\mavens\changkuyilai\userlib\org\seleniumhq\selenium\selenium-remote-driver\3.5.1\selenium-remote-driver-3.5.1.jar;F:\ceshi\linux\mavens\changkuyilai\userlib\cglib\cglib-nodep\3.2.4\cglib-nodep-3.2.4.jar;F:\ceshi\linux\mavens\changkuyilai\userlib\org\apache\commons\commons-exec\1.3\commons-exec-1.3.jar;F:\ceshi\linux\mavens\changkuyilai\userlib\commons-codec\commons-codec\1.10\commons-codec-1.10.jar;F:\ceshi\linux\mavens\changkuyilai\userlib\commons-logging\commons-logging\1.2\commons-logging-1.2.jar;F:\ceshi\linux\mavens\changkuyilai\userlib\com\google\code\gson\gson\2.8.0\gson-2.8.0.jar;F:\ceshi\linux\mavens\changkuyilai\userlib\com\google\guava\guava\23.0\guava-23.0.jar;F:\ceshi\linux\mavens\changkuyilai\userlib\com\google\code\findbugs\jsr305\1.3.9\jsr305-1.3.9.jar;F:\ceshi\linux\mavens\changkuyilai\userlib\com\google\errorprone\error_prone_annotations\2.0.18\error_prone_annotations-2.0.18.jar;F:\ceshi\linux\mavens\changkuyilai\userlib\com\google\j2objc\j2objc-annotations\1.1\j2objc-annotations-1.1.jar;F:\ceshi\linux\mavens\changkuyilai\userlib\org\codehaus\mojo\animal-sniffer-annotations\1.14\animal-sniffer-annotations-1.14.jar;F:\ceshi\linux\mavens\changkuyilai\userlib\org\apache\httpcomponents\httpclient\4.5.3\httpclient-4.5.3.jar;F:\ceshi\linux\mavens\changkuyilai\userlib\org\apache\httpcomponents\httpcore\4.4.6\httpcore-4.4.6.jar;F:\ceshi\linux\mavens\changkuyilai\userlib\net\java\dev\jna\jna\4.1.0\jna-4.1.0.jar;F:\ceshi\linux\mavens\changkuyilai\userlib\net\java\dev\jna\jna-platform\4.1.0\jna-platform-4.1.0.jar;F:\ceshi\linux\mavens\changkuyilai\userlib\log4j\log4j\1.2.16\log4j-1.2.16.jar;"/>
    <property name="java.vm.specification.version" value="1.8"/>
    <property name="sun.arch.data.model" value="64"/>
    <property name="java.home" value="C:\Program Files\Java\jdk1.8.0_151\jre"/>
    <property name="sun.java.command" value="C:\Users\new\AppData\Local\Temp\surefirebooter1342522470598521415.jar C:\Users\new\AppData\Local\Temp\surefire8016477641697434931tmp C:\Users\new\AppData\Local\Temp\surefire3884900427215876519tmp"/>
    <property name="java.specification.vendor" value="Oracle Corporation"/>
    <property name="user.language" value="zh"/>
    <property name="awt.toolkit" value="sun.awt.windows.WToolkit"/>
    <property name="java.vm.info" value="mixed mode"/>
    <property name="java.version" value="1.8.0_151"/>
    <property name="java.ext.dirs" value="C:\Program Files\Java\jdk1.8.0_151\jre\lib\ext;C:\WINDOWS\Sun\Java\lib\ext"/>
    <property name="sun.boot.class.path" value="C:\Program Files\Java\jdk1.8.0_151\jre\lib\resources.jar;C:\Program Files\Java\jdk1.8.0_151\jre\lib\rt.jar;C:\Program Files\Java\jdk1.8.0_151\jre\lib\sunrsasign.jar;C:\Program Files\Java\jdk1.8.0_151\jre\lib\jsse.jar;C:\Program Files\Java\jdk1.8.0_151\jre\lib\jce.jar;C:\Program Files\Java\jdk1.8.0_151\jre\lib\charsets.jar;C:\Program Files\Java\jdk1.8.0_151\jre\lib\jfr.jar;C:\Program Files\Java\jdk1.8.0_151\jre\classes"/>
    <property name="java.vendor" value="Oracle Corporation"/>
    <property name="localRepository" value="F:\ceshi\linux\mavens\changkuyilai\userlib"/>
    <property name="file.separator" value="\"/>
    <property name="java.vendor.url.bug" value="http://bugreport.sun.com/bugreport/"/>
    <property name="sun.cpu.endian" value="little"/>
    <property name="sun.io.unicode.encoding" value="UnicodeLittle"/>
    <property name="sun.desktop" value="windows"/>
    <property name="sun.cpu.isalist" value="amd64"/>
  </properties>
  <testcase classname="TestCrossBrower" name="startBrower" time="0.12">
    <failure message="Cannot find firefox binary in PATH. Make sure firefox is installed. OS appears to be: WIN10
Build info: version: &apos;3.5.1&apos;, revision: &apos;9c21bb67ef&apos;, time: &apos;2017-08-17T15:26:08.955Z&apos;
System info: host: &apos;LAPTOP-MK2G8VPF&apos;, ip: &apos;192.168.56.1&apos;, os.name: &apos;Windows 10&apos;, os.arch: &apos;amd64&apos;, os.version: &apos;10.0&apos;, java.version: &apos;1.8.0_151&apos;
Driver info: driver.version: FirefoxDriver" type="org.openqa.selenium.WebDriverException">org.openqa.selenium.WebDriverException: Cannot find firefox binary in PATH. Make sure firefox is installed. OS appears to be: WIN10
Build info: version: &apos;3.5.1&apos;, revision: &apos;9c21bb67ef&apos;, time: &apos;2017-08-17T15:26:08.955Z&apos;
System info: host: &apos;LAPTOP-MK2G8VPF&apos;, ip: &apos;192.168.56.1&apos;, os.name: &apos;Windows 10&apos;, os.arch: &apos;amd64&apos;, os.version: &apos;10.0&apos;, java.version: &apos;1.8.0_151&apos;
Driver info: driver.version: FirefoxDriver
	at org.openqa.selenium.firefox.FirefoxBinary.&lt;init&gt;(FirefoxBinary.java:115)
	at java.util.Optional.orElseGet(Optional.java:267)
	at org.openqa.selenium.firefox.FirefoxOptions.getBinary(FirefoxOptions.java:257)
	at org.openqa.selenium.firefox.FirefoxDriver.toExecutor(FirefoxDriver.java:204)
	at org.openqa.selenium.firefox.FirefoxDriver.&lt;init&gt;(FirefoxDriver.java:103)
	at org.openqa.selenium.firefox.FirefoxDriver.&lt;init&gt;(FirefoxDriver.java:99)
	at TestCrossBrower.startBrower(TestCrossBrower.java:19)
</failure>
  </testcase>
</testsuite>