<?xml version="1.0" encoding="UTF-8"?>
<!-- Generated by org.testng.reporters.JUnitReportReporter -->
<testsuite hostname="LAPTOP-MK2G8VPF" name="While" tests="4" failures="0" timestamp="2 May 2018 07:20:00 GMT" time="0.002" errors="0">
  <testcase name="testWhileTest2" time="0.000" classname="While"/>
  <testcase name="testWhileTest1" time="0.000" classname="While"/>
  <testcase name="testWhileTest" time="0.001" classname="While"/>
  <testcase name="testWhileTest3" time="0.001" classname="While"/>
</testsuite> <!-- While -->
