<?xml version="1.0" encoding="UTF-8"?>
<!-- Generated by org.testng.reporters.JUnitReportReporter -->
<testsuite hostname="LAPTOP-MK2G8VPF" name="Jiaw" tests="1" failures="0" timestamp="2 May 2018 08:21:15 GMT" time="0.000" errors="0">
  <testcase name="testWhileTest" time="0.000" classname="Jiaw"/>
</testsuite> <!-- Jiaw -->
