<?xml version="1.0" encoding="UTF-8"?>
<!-- Generated by org.testng.reporters.JUnitReportReporter -->
<testsuite hostname="LAPTOP-MK2G8VPF" name="AbsTest" tests="3" failures="0" timestamp="2 May 2018 07:18:02 GMT" time="0.007" errors="0">
  <testcase name="testAbs2" time="0.004" classname="AbsTest"/>
  <testcase name="testAbs" time="0.002" classname="AbsTest"/>
  <testcase name="testAbs1" time="0.001" classname="AbsTest"/>
</testsuite> <!-- AbsTest -->
