<?xml version="1.0" encoding="UTF-8"?>
<!-- Generated by org.testng.reporters.JUnitReportReporter -->
<testsuite hostname="LAPTOP-MK2G8VPF" name="TestTest" tests="4" failures="0" timestamp="2 May 2018 07:18:02 GMT" time="0.002" errors="0">
  <testcase name="testWhileTest1" time="0.000" classname="TestTest"/>
  <testcase name="testWhileTest" time="0.000" classname="TestTest"/>
  <testcase name="testWhileTest3" time="0.001" classname="TestTest"/>
  <testcase name="testWhileTest2" time="0.001" classname="TestTest"/>
</testsuite> <!-- TestTest -->
