<?xml version="1.0" encoding="UTF-8"?>
<!-- Generated by org.testng.reporters.JUnitReportReporter -->
<testsuite hostname="LAPTOP-MK2G8VPF" name="test.a.aa" tests="1" failures="0" timestamp="31 May 2018 06:59:07 GMT" time="0.028" errors="0">
  <testcase name="abc" time="0.028" classname="test.a.aa"/>
</testsuite> <!-- test.a.aa -->
